<?xml version="1.0" encoding="UTF-8"?>
<!-- Generated by org.testng.reporters.JUnitXMLReporter -->
<testsuite hostname="WindowProNew" ignored="0" name="Test" tests="3" failures="0" timestamp="01 Oct 2019 17:33:59 GMT" time="18.928" errors="0">
  <testcase name="Test1" time="2.227" classname="MyTest.TestProject.myClass"/>
  <testcase name="Test2" time="2.026" classname="MyTest.TestProject.myClass"/>
  <testcase name="Test3" time="2.153" classname="MyTest.TestProject.myClass"/>
</testsuite> <!-- Test -->
