<?xml version="1.0" encoding="UTF-8"?>
<!-- Generated by org.testng.reporters.JUnitXMLReporter -->
<testsuite hostname="aseun-dco-hi007" ignored="0" name="Test" tests="3" failures="0" timestamp="24 Sep 2019 06:58:35 GMT" time="6.806" errors="0">
  <testcase name="Test2" time="2.576" classname="MyTest.TestProject.myClass"/>
  <testcase name="Test1" time="2.501" classname="MyTest.TestProject.myClass"/>
  <testcase name="Test3" time="2.014" classname="MyTest.TestProject.myClass"/>
</testsuite> <!-- Test -->
