<?xml version="1.0" encoding="UTF-8"?>
<!-- Generated by org.testng.reporters.JUnitXMLReporter -->
<testsuite hostname="aseun-dco-hi007" ignored="0" name="Test" tests="3" failures="0" timestamp="24 Sep 2019 08:07:13 GMT" time="10.724" errors="0">
  <testcase name="Test1" time="0.856" classname="MyTest.TestProject.myClass"/>
  <testcase name="Test2" time="0.864" classname="MyTest.TestProject.myClass"/>
  <testcase name="Test3" time="0.943" classname="MyTest.TestProject.myClass"/>
</testsuite> <!-- Test -->
