<?xml version="1.0" encoding="UTF-8"?>
<testng-results skipped="0" failed="0" ignored="0" total="3" passed="3">
  <reporter-output>
  </reporter-output>
  <suite name="Suite" duration-ms="6806" started-at="2019-09-24T06:58:28Z" finished-at="2019-09-24T06:58:35Z">
    <groups>
    </groups>
    <test name="Test" duration-ms="6806" started-at="2019-09-24T06:58:28Z" finished-at="2019-09-24T06:58:35Z">
      <class name="MyTest.TestProject.myClass">
        <test-method status="PASS" signature="launchdriver()[pri:0, instance:MyTest.TestProject.myClass@47c62251]" name="launchdriver" is-config="true" duration-ms="4177" started-at="2019-09-24T06:58:28Z" finished-at="2019-09-24T06:58:32Z">
          <reporter-output>
          </reporter-output>
        </test-method> <!-- launchdriver -->
        <test-method status="PASS" signature="launchdriver()[pri:0, instance:MyTest.TestProject.myClass@47c62251]" name="launchdriver" is-config="true" duration-ms="4269" started-at="2019-09-24T06:58:28Z" finished-at="2019-09-24T06:58:32Z">
          <reporter-output>
          </reporter-output>
        </test-method> <!-- launchdriver -->
        <test-method status="PASS" signature="launchdriver()[pri:0, instance:MyTest.TestProject.myClass@47c62251]" name="launchdriver" is-config="true" duration-ms="4760" started-at="2019-09-24T06:58:28Z" finished-at="2019-09-24T06:58:32Z">
          <reporter-output>
          </reporter-output>
        </test-method> <!-- launchdriver -->
        <test-method status="PASS" signature="Test2()[pri:0, instance:MyTest.TestProject.myClass@47c62251]" name="Test2" duration-ms="2576" started-at="2019-09-24T06:58:32Z" finished-at="2019-09-24T06:58:34Z">
          <reporter-output>
          </reporter-output>
        </test-method> <!-- Test2 -->
        <test-method status="PASS" signature="Test1()[pri:0, instance:MyTest.TestProject.myClass@47c62251]" name="Test1" duration-ms="2501" started-at="2019-09-24T06:58:32Z" finished-at="2019-09-24T06:58:35Z">
          <reporter-output>
          </reporter-output>
        </test-method> <!-- Test1 -->
        <test-method status="PASS" signature="Test3()[pri:0, instance:MyTest.TestProject.myClass@47c62251]" name="Test3" duration-ms="2014" started-at="2019-09-24T06:58:32Z" finished-at="2019-09-24T06:58:35Z">
          <reporter-output>
          </reporter-output>
        </test-method> <!-- Test3 -->
      </class> <!-- MyTest.TestProject.myClass -->
    </test> <!-- Test -->
  </suite> <!-- Suite -->
</testng-results>
